<?xml version="1.0" encoding="utf-8"?>
<CoverageSession>
  <Summary numSequencePoints="6" visitedSequencePoints="5" numBranchPoints="6" visitedBranchPoints="5" sequenceCoverage="0,833" branchCoverage="0,833" maxCyclomaticComplexity="0" minCyclomaticComplexity="0" visitedClasses="1" numClasses="1" visitedMethods="1" numMethods="1" />
  <Modules>
    <Module hash="FAC9E4C4-6762-4655-81D2-62D06EDA08ED">
      <ModulePath>D:\Shared\MyFiles\Labs\net\unit-testing-using-mstest\PrimeService.Tests\bin\Debug\netcoreapp2.1\PrimeService.dll</ModulePath>
      <ModuleTime>2019-08-30T09:37:45</ModuleTime>
      <ModuleName>PrimeService</ModuleName>
      <Files>
        <File uid="1" fullPath="D:\Shared\MyFiles\Labs\net\unit-testing-using-mstest\PrimeService\PrimeService.cs" />
      </Files>
      <Classes>
        <Class>
          <Summary numSequencePoints="6" visitedSequencePoints="5" numBranchPoints="2" visitedBranchPoints="1" sequenceCoverage="0,833" branchCoverage="0,5" maxCyclomaticComplexity="0" minCyclomaticComplexity="0" visitedClasses="1" numClasses="1" visitedMethods="1" numMethods="1" />
          <FullName>Prime.Services.PrimeService</FullName>
          <Methods>
            <Method cyclomaticComplexity="0" nPathComplexity="0" sequenceCoverage="0,833" branchCoverage="0,5" isConstructor="False" isGetter="False" isSetter="False" isStatic="True">
              <Summary numSequencePoints="6" visitedSequencePoints="5" numBranchPoints="2" visitedBranchPoints="1" sequenceCoverage="0,833" branchCoverage="0,5" maxCyclomaticComplexity="0" minCyclomaticComplexity="0" visitedClasses="0" numClasses="0" visitedMethods="1" numMethods="1" />
              <MetadataToken />
              <Name>System.Boolean Prime.Services.PrimeService::IsPrime(System.Int32)</Name>
              <FileRef uid="1" />
              <SequencePoints>
                <SequencePoint vc="4" upsid="13" ordinal="0" sl="13" sc="1" el="13" ec="2" bec="0" bev="0" fileid="1" />
                <SequencePoint vc="4" upsid="14" ordinal="1" sl="14" sc="1" el="14" ec="2" bec="0" bev="0" fileid="1" />
                <SequencePoint vc="4" upsid="15" ordinal="2" sl="15" sc="1" el="15" ec="2" bec="0" bev="0" fileid="1" />
                <SequencePoint vc="4" upsid="16" ordinal="3" sl="16" sc="1" el="16" ec="2" bec="0" bev="0" fileid="1" />
                <SequencePoint vc="0" upsid="18" ordinal="4" sl="18" sc="1" el="18" ec="2" bec="0" bev="0" fileid="1" />
                <SequencePoint vc="4" upsid="19" ordinal="5" sl="19" sc="1" el="19" ec="2" bec="0" bev="0" fileid="1" />
              </SequencePoints>
              <BranchPoints>
                <BranchPoint vc="15" upsid="14" ordinal="0" path="0" offset="7" offsetend="9" sl="14" fileid="1" />
                <BranchPoint vc="0" upsid="14" ordinal="1" path="1" offset="7" offsetend="14" sl="14" fileid="1" />
              </BranchPoints>
              <MethodPoint vc="5" upsid="0" p8:type="SequencePoint" ordinal="0" offset="0" sc="0" sl="13" ec="1" el="19" bec="0" bev="0" fileid="1" xmlns:p8="xsi" />
            </Method>
          </Methods>
        </Class>
      </Classes>
    </Module>
  </Modules>
</CoverageSession>